<?xml version="1.0" encoding="UTF-8" ?>
<testsuite errors="0" failures="0" hostname="Floppa" name="org.example.UtilsTest" skipped="0" tests="2" time="5.06" timestamp="2024-04-07T18:21:16">
  <properties>
    <property name="java.vendor" value="OpenLogic-OpenJDK" />
    <property name="lib.dir" value="lib" />
    <property name="sun.java.launcher" value="SUN_STANDARD" />
    <property name="sun.management.compiler" value="HotSpot 64-Bit Tiered Compilers" />
    <property name="os.name" value="Windows 11" />
    <property name="sun.boot.class.path" value="E:\prog\jdk8\openlogic-openjdk-8u382-b05-windows-64\jre\lib\resources.jar;E:\prog\jdk8\openlogic-openjdk-8u382-b05-windows-64\jre\lib\rt.jar;E:\prog\jdk8\openlogic-openjdk-8u382-b05-windows-64\jre\lib\sunrsasign.jar;E:\prog\jdk8\openlogic-openjdk-8u382-b05-windows-64\jre\lib\jsse.jar;E:\prog\jdk8\openlogic-openjdk-8u382-b05-windows-64\jre\lib\jce.jar;E:\prog\jdk8\openlogic-openjdk-8u382-b05-windows-64\jre\lib\charsets.jar;E:\prog\jdk8\openlogic-openjdk-8u382-b05-windows-64\jre\lib\jfr.jar;E:\prog\jdk8\openlogic-openjdk-8u382-b05-windows-64\jre\classes" />
    <property name="sun.desktop" value="windows" />
    <property name="java.vm.specification.vendor" value="Oracle Corporation" />
    <property name="ant.home" value="E:\prog\apache-ant-1.10.14" />
    <property name="java.runtime.version" value="1.8.0_382-382-b05" />
    <property name="user.name" value="graev" />
    <property name="build.dir" value="build" />
    <property name="user.language" value="ru" />
    <property name="sun.boot.library.path" value="E:\prog\jdk8\openlogic-openjdk-8u382-b05-windows-64\jre\bin" />
    <property name="ant.project.default-target" value="report" />
    <property name="ant.project.name" value="JSFLab" />
    <property name="java.version" value="1.8.0_382-382" />
    <property name="version" value="1.0" />
    <property name="user.timezone" value="" />
    <property name="sun.arch.data.model" value="64" />
    <property name="java.endorsed.dirs" value="E:\prog\jdk8\openlogic-openjdk-8u382-b05-windows-64\jre\lib\endorsed" />
    <property name="sun.cpu.isalist" value="amd64" />
    <property name="sun.jnu.encoding" value="Cp1251" />
    <property name="file.encoding.pkg" value="sun.io" />
    <property name="file.separator" value="\" />
    <property name="java.specification.name" value="Java Platform API Specification" />
    <property name="java.class.version" value="52.0" />
    <property name="user.country" value="RU" />
    <property name="java.home" value="E:\prog\jdk8\openlogic-openjdk-8u382-b05-windows-64\jre" />
    <property name="dist.dir" value="dist" />
    <property name="java.vm.info" value="mixed mode" />
    <property name="ant.file" value="C:\Users\graev\OneDrive\Рабочий стол\ITMO\2COURSE\2SEM\OPI\lab3\build.xml" />
    <property name="os.version" value="10.0" />
    <property name="path.separator" value=";" />
    <property name="java.vm.version" value="25.382-b05" />
    <property name="ant.file.JSFLab" value="C:\Users\graev\OneDrive\Рабочий стол\ITMO\2COURSE\2SEM\OPI\lab3\build.xml" />
    <property name="user.variant" value="" />
    <property name="ant.library.dir" value="E:\prog\apache-ant-1.10.14\lib" />
    <property name="java.awt.printerjob" value="sun.awt.windows.WPrinterJob" />
    <property name="sun.io.unicode.encoding" value="UnicodeLittle" />
    <property name="java.specification.maintenance.version" value="5" />
    <property name="awt.toolkit" value="sun.awt.windows.WToolkit" />
    <property name="sun.stdout.encoding" value="cp866" />
    <property name="user.script" value="" />
    <property name="user.home" value="C:\Users\graev" />
    <property name="java.specification.vendor" value="Oracle Corporation" />
    <property name="java.library.path" value="E:\prog\jdk8\openlogic-openjdk-8u382-b05-windows-64\jre\bin;C:\Windows\Sun\Java\bin;C:\Windows\system32;C:\Windows;E:\prog\php;C:\Program Files\OpenSSH\;C:\Program Files\Eclipse Adoptium\jdk-21.0.2.13-hotspot\bin;E:\Oculus\Support\oculus-runtime;C:\app\graev\product\21c\dbhomeXE\bin;C:\Windows\system32;C:\Windows;C:\Windows\System32\Wbem;C:\Windows\System32\WindowsPowerShell\v1.0\;C:\Windows\System32\OpenSSH\;C:\Program Files\NVIDIA Corporation\NVIDIA NvDLISR;C:\Program Files\Microsoft SQL Server\120\Tools\Binn\;C:\Program Files\PostgreSQL\psqlODBC\bin;C:\Program Files\nodejs\;C:\Program Files\dotnet\;C:\ProgramData\chocolatey\bin;C:\Program Files (x86)\NVIDIA Corporation\PhysX\Common;C:\Program Files\PuTTY\;E:\prog\git\Git\cmd;E:\prog\apache-ant-1.10.14\bin;E:\prog\python\Scripts\;E:\prog\python\;C:\Users\graev\AppData\Local\Programs\Python\Launcher\;C:\Users\graev\scoop\shims;C:\Users\graev\AppData\Local\Microsoft\WindowsApps;C:\Users\graev\AppData\Roaming\npm;C:\Program Files\JetBrains\PhpStorm 2023.2.2\bin;;C:\Users\graev\.dotnet\tools;C:\Program Files\JetBrains\PyCharm 2023.2.5\bin;;C:\Users\graev\AppData\Local\GitHubDesktop\bin;." />
    <property name="java.vendor.url" value="http://java.oracle.com/" />
    <property name="java.vm.vendor" value="Oracle Corporation" />
    <property name="java.runtime.name" value="OpenJDK Runtime Environment" />
    <property name="sun.java.command" value="org.apache.tools.ant.taskdefs.optional.junit.JUnitTestRunner org.example.UtilsTest skipNonTests=false filtertrace=true haltOnError=false haltOnFailure=true formatter=org.apache.tools.ant.taskdefs.optional.junit.SummaryJUnitResultFormatter showoutput=false outputtoformatters=true logfailedtests=true threadid=0 logtestlistenerevents=false formatter=org.apache.tools.ant.taskdefs.optional.junit.XMLJUnitResultFormatter,C:\Users\graev\OneDrive\Рабочий стол\ITMO\2COURSE\2SEM\OPI\lab3\build\test\results\TEST-org.example.UtilsTest.xml crashfile=C:\Users\graev\OneDrive\Рабочий стол\ITMO\2COURSE\2SEM\OPI\lab3\junitvmwatcher8328318009807789744.properties propsfile=C:\Users\graev\OneDrive\Рабочий стол\ITMO\2COURSE\2SEM\OPI\lab3\junit8129398415025086008.properties" />
    <property name="java.class.path" value="C:\Users\graev\OneDrive\Рабочий стол\ITMO\2COURSE\2SEM\OPI\lab3\build;C:\Users\graev\OneDrive\Рабочий стол\ITMO\2COURSE\2SEM\OPI\lab3\build\test;C:\Users\graev\OneDrive\Рабочий стол\ITMO\2COURSE\2SEM\OPI\lab3\lib\junit-4.13.2.jar;C:\Users\graev\OneDrive\Рабочий стол\ITMO\2COURSE\2SEM\OPI\lab3\lib\hamcrest-core-1.3.jar;E:\prog\apache-ant-1.10.14\lib\ant-launcher.jar;E:\prog\apache-ant-1.10.14\lib\ant.jar;E:\prog\apache-ant-1.10.14\lib\ant-junit.jar;E:\prog\apache-ant-1.10.14\lib\ant-junit4.jar" />
    <property name="ant.version" value="Apache Ant(TM) version 1.10.14 compiled on August 16 2023" />
    <property name="java.vm.specification.name" value="Java Virtual Machine Specification" />
    <property name="ant.file.type" value="file" />
    <property name="java.vm.specification.version" value="1.8" />
    <property name="sun.cpu.endian" value="little" />
    <property name="sun.os.patch.level" value="" />
    <property name="java.io.tmpdir" value="C:\Users\graev\AppData\Local\Temp\" />
    <property name="java.vendor.url.bug" value="http://bugreport.sun.com/bugreport/" />
    <property name="ant.file.type.JSFLab" value="file" />
    <property name="os.arch" value="amd64" />
    <property name="java.awt.graphicsenv" value="sun.awt.Win32GraphicsEnvironment" />
    <property name="java.ext.dirs" value="E:\prog\jdk8\openlogic-openjdk-8u382-b05-windows-64\jre\lib\ext;C:\Windows\Sun\Java\lib\ext" />
    <property name="user.dir" value="C:\Users\graev\OneDrive\Рабочий стол\ITMO\2COURSE\2SEM\OPI\lab3" />
    <property name="line.separator" value="&#xd;&#xa;" />
    <property name="java.vm.name" value="OpenJDK 64-Bit Server VM" />
    <property name="basedir" value="C:\Users\graev\OneDrive\Рабочий стол\ITMO\2COURSE\2SEM\OPI\lab3" />
    <property name="ant.java.version" value="1.8" />
    <property name="ant.core.lib" value="E:\prog\apache-ant-1.10.14\lib\ant.jar" />
    <property name="file.encoding" value="Cp1251" />
    <property name="sun.stderr.encoding" value="cp866" />
    <property name="java.specification.version" value="1.8" />
    <property name="src.dir" value="src/main/java" />
    <property name="ant.project.invoked-targets" value="report" />
  </properties>
  <testcase classname="org.example.UtilsTest" name="testCheckHitFalse" time="5.015" />
  <testcase classname="org.example.UtilsTest" name="testCheckHitTrue" time="0.0" />
  <system-out><![CDATA[]]></system-out>
  <system-err><![CDATA[]]></system-err>
</testsuite>
